\BOOKMARK [1][-]{section.1}{Introduction}{}% 1
\BOOKMARK [1][-]{section.2}{Methods}{}% 2
\BOOKMARK [2][-]{subsection.2.1}{Search Strategy}{section.2}% 3
\BOOKMARK [2][-]{subsection.2.2}{Inclusion and Exclusion Criteria}{section.2}% 4
\BOOKMARK [2][-]{subsection.2.3}{Data Extraction and Analysis}{section.2}% 5
\BOOKMARK [1][-]{section.3}{Results}{}% 6
\BOOKMARK [2][-]{subsection.3.1}{COI studies on Type 2 Diabetes}{section.3}% 7
\BOOKMARK [3][-]{subsubsection.3.1.1}{Number of Studies}{subsection.3.1}% 8
\BOOKMARK [3][-]{subsubsection.3.1.2}{Regional Distribution}{subsection.3.1}% 9
\BOOKMARK [3][-]{subsubsection.3.1.3}{Data Sources}{subsection.3.1}% 10
\BOOKMARK [3][-]{subsubsection.3.1.4}{Variation in Costing Approaches}{subsection.3.1}% 11
\BOOKMARK [3][-]{subsubsection.3.1.5}{Study Perspective}{subsection.3.1}% 12
\BOOKMARK [3][-]{subsubsection.3.1.6}{Costing Components}{subsection.3.1}% 13
\BOOKMARK [3][-]{subsubsection.3.1.7}{Cost Estimates of Diabetes Using a Prevalence Approach}{subsection.3.1}% 14
\BOOKMARK [3][-]{subsubsection.3.1.8}{Direct and Indirect Costs of Diabetes}{subsection.3.1}% 15
\BOOKMARK [3][-]{subsubsection.3.1.9}{Studies Using the Incidence Approach}{subsection.3.1}% 16
\BOOKMARK [3][-]{subsubsection.3.1.10}{Country level costs prediction studies}{subsection.3.1}% 17
\BOOKMARK [2][-]{subsection.3.2}{The Impact of Diabetes on Employment Chances and Productivity}{section.3}% 18
\BOOKMARK [3][-]{subsubsection.3.2.1}{Employment Chances}{subsection.3.2}% 19
\BOOKMARK [3][-]{subsubsection.3.2.2}{Productivity}{subsection.3.2}% 20
\BOOKMARK [1][-]{section.4}{Discussion}{}% 21
\BOOKMARK [2][-]{subsection.4.1}{General Findings and Developments Since the 2004 Review of Diabetes COI Studies}{section.4}% 22
\BOOKMARK [2][-]{subsection.4.2}{Labour market studies}{section.4}% 23
\BOOKMARK [2][-]{subsection.4.3}{Comparison of COI and Labour Market Studies: Common Themes and Lessons Learned}{section.4}% 24
\BOOKMARK [2][-]{subsection.4.4}{Limitations }{section.4}% 25
\BOOKMARK [1][-]{section.5}{Conclusion}{}% 26
\BOOKMARK [1][-]{appendix.A}{What is endogeneity?}{}% 27
\BOOKMARK [1][-]{appendix.B}{Country codes}{}% 28
\BOOKMARK [1][-]{appendix.C}{Tables}{}% 29
