\BOOKMARK [0][-]{chapter.1}{General Introduction}{}% 1
\BOOKMARK [0][-]{chapter.2}{The Economic Costs of Type 2 Diabetes: A Global Systematic Review}{}% 2
\BOOKMARK [1][-]{section.2.1}{Introduction}{chapter.2}% 3
\BOOKMARK [1][-]{section.2.2}{Methods}{chapter.2}% 4
\BOOKMARK [2][-]{subsection.2.2.1}{Search Strategy}{section.2.2}% 5
\BOOKMARK [2][-]{subsection.2.2.2}{Inclusion and Exclusion Criteria}{section.2.2}% 6
\BOOKMARK [2][-]{subsection.2.2.3}{Data Extraction and Analysis}{section.2.2}% 7
\BOOKMARK [1][-]{section.2.3}{Results}{chapter.2}% 8
\BOOKMARK [2][-]{subsection.2.3.1}{COI studies on Type 2 Diabetes}{section.2.3}% 9
\BOOKMARK [2][-]{subsection.2.3.2}{The Impact of Diabetes on Employment Chances and Productivity}{section.2.3}% 10
\BOOKMARK [1][-]{section.2.4}{Discussion}{chapter.2}% 11
\BOOKMARK [2][-]{subsection.2.4.1}{General Findings and Developments Since the 2004 Review of Diabetes COI Studies}{section.2.4}% 12
\BOOKMARK [2][-]{subsection.2.4.2}{Labour market studies}{section.2.4}% 13
\BOOKMARK [2][-]{subsection.2.4.3}{Comparison of COI and Labour Market Studies: Common Themes and Lessons Learned}{section.2.4}% 14
\BOOKMARK [2][-]{subsection.2.4.4}{Limitations}{section.2.4}% 15
\BOOKMARK [1][-]{section.2.5}{Conclusion}{chapter.2}% 16
\BOOKMARK [1][-]{section.2.6}{Tables}{chapter.2}% 17
\BOOKMARK [0][-]{chapter.3}{The Impact of Diabetes on Employment in Mexico}{}% 18
\BOOKMARK [1][-]{section.3.1}{Introduction}{chapter.3}% 19
\BOOKMARK [1][-]{section.3.2}{Methodology}{chapter.3}% 20
\BOOKMARK [2][-]{subsection.3.2.1}{Dataset and descriptive statistics}{section.3.2}% 21
\BOOKMARK [2][-]{subsection.3.2.2}{Econometric specification}{section.3.2}% 22
\BOOKMARK [1][-]{section.3.3}{Results}{chapter.3}% 23
\BOOKMARK [2][-]{subsection.3.3.1}{Probit results}{section.3.3}% 24
\BOOKMARK [2][-]{subsection.3.3.2}{IV results}{section.3.3}% 25
\BOOKMARK [2][-]{subsection.3.3.3}{Differences by age groups}{section.3.3}% 26
\BOOKMARK [2][-]{subsection.3.3.4}{Differences by wealth}{section.3.3}% 27
\BOOKMARK [2][-]{subsection.3.3.5}{Differences by employment type}{section.3.3}% 28
\BOOKMARK [1][-]{section.3.4}{Conclusion}{chapter.3}% 29
\BOOKMARK [1][-]{section.3.5}{Linear IV estimates \(1st and 2nd stage\)}{chapter.3}% 30
\BOOKMARK [1][-]{section.3.6}{Results for older age groups}{chapter.3}% 31
\BOOKMARK [1][-]{section.3.7}{Results for wealth quartiles}{chapter.3}% 32
\BOOKMARK [1][-]{section.3.8}{Instrumental variable analysis for age groups}{chapter.3}% 33
\BOOKMARK [1][-]{section.3.9}{Instrumental variable analysis for wealth groups}{chapter.3}% 34
\BOOKMARK [1][-]{section.3.10}{Multinomial logit and IV results for formal and informal employment}{chapter.3}% 35
\BOOKMARK [0][-]{chapter.4}{The Impact of Diabetes on Labour Market Outcomes in Mexico: a Panel Data and Biomarker Analysis}{}% 36
\BOOKMARK [1][-]{section.4.1}{Introduction}{chapter.4}% 37
\BOOKMARK [1][-]{section.4.2}{ Diabetes and labor outcomes \205 existing evidence}{chapter.4}% 38
\BOOKMARK [1][-]{section.4.3}{Data}{chapter.4}% 39
\BOOKMARK [1][-]{section.4.4}{Estimation strategy}{chapter.4}% 40
\BOOKMARK [2][-]{subsection.4.4.1}{Panel data on self-reported diabetes}{section.4.4}% 41
\BOOKMARK [2][-]{subsection.4.4.2}{Self-reported diabetes duration}{section.4.4}% 42
\BOOKMARK [2][-]{subsection.4.4.3}{Cross-section: biomarker and self-reported data}{section.4.4}% 43
\BOOKMARK [1][-]{section.4.5}{ Results}{chapter.4}% 44
\BOOKMARK [2][-]{subsection.4.5.1}{Incidence of self-reported diabetes}{section.4.5}% 45
\BOOKMARK [2][-]{subsection.4.5.2}{Duration of self-reported diabetes}{section.4.5}% 46
\BOOKMARK [2][-]{subsection.4.5.3}{Cross-sectional biomarker analysis}{section.4.5}% 47
\BOOKMARK [1][-]{section.4.6}{Conclusion}{chapter.4}% 48
\BOOKMARK [1][-]{section.4.7}{Strategies to deal with inconsistent self-reporting over time}{chapter.4}% 49
\BOOKMARK [0][-]{chapter.5}{The effects of receiving a diabetes diagnosis on health behaviour and economic outcomes in China}{}% 50
\BOOKMARK [0][-]{chapter.6}{Discussion and Conclusions}{}% 51
